[19:03:52.991][INFO][CraftTweaker-EarlyInit]: CraftTweaker is running on a Minecraft 1.20.1 production server modded with platform Forge
[19:03:53.009][INFO][CraftTweaker-EarlyInit]: Successfully injected RecipeFS file system
[19:03:53.042][INFO][CraftTweaker-Plugins]: Successfully identified and loaded plugin jeitweaker:common
[19:03:53.055][INFO][CraftTweaker-Plugins]: Successfully identified and loaded plugin crafttweaker:builtin
[19:03:53.058][INFO][CraftTweaker-Plugins]: Successfully identified and loaded plugin crafttweaker:builtin_forge
[19:03:53.064][INFO][CraftTweaker-Plugins]: Successfully identified and loaded plugin farmersdelight:crafttweaker_plugin
[19:03:53.092][INFO][JEITweaker]: Identified JeiTweaker plugin 'jeitweaker:forge': loading scheduled
[19:03:53.094][INFO][JEITweaker]: Identified JeiTweaker plugin 'jeitweaker:common': loading scheduled
[19:03:53.112][INFO][JEITweaker]: JEITweaker Environmental Check: the combination of mods [jei] is fully supported
[19:03:53.115][INFO][JEITweaker]: Running JeiTweaker plugin initialization
[19:03:53.125][INFO][JEITweaker]: JeiTweaker plugin initialization completed successfully
[19:03:54.306][INFO][CraftTweaker]: The following mods have explicit CraftTweaker support through the default plugin:
[19:03:54.307][INFO][CraftTweaker]: - 'aquaculture' at version '2.5.5'
[19:03:54.308][INFO][CraftTweaker]: - 'crafttweaker' at version '14.0.57'
[19:03:54.308][INFO][CraftTweaker]: - 'farmersdelight' at version '1.20.1-1.2.7'
[19:03:54.308][INFO][CraftTweaker]: - 'gateways' at version '4.2.6'
[19:03:54.308][INFO][CraftTweaker]: - 'jeitweaker' at version '8.0.6'
[19:04:08.290][INFO][CraftTweaker-ZenCode]: Started loading scripts for loader 'initialize'
[19:04:09.249][INFO][CraftTweaker-ZenCode]: Compiling and executing scripts
[19:04:09.323][INFO][CraftTweaker-ZenCode]: Successfully initialized modules [crafttweaker, expansions]
[19:04:09.498][INFO][CraftTweaker-ZenCode]: Execution for loader 'initialize' completed successfully
[19:04:19.860][INFO][CraftTweaker-ZenCode]: Started loading scripts for loader 'tags'
[19:04:19.899][INFO][CraftTweaker-ZenCode]: Compiling and executing scripts
[19:04:19.922][INFO][CraftTweaker-ZenCode]: Successfully initialized modules [crafttweaker, expansions]
[19:04:19.943][INFO][CraftTweaker-ZenCode]: Execution for loader 'tags' completed successfully
[19:04:23.318][INFO][CraftTweaker]: crafttweaker.reload.start
[19:04:23.322][INFO][CraftTweaker-ZenCode]: Started loading scripts for loader 'crafttweaker'
[19:04:23.350][INFO][CraftTweaker-ZenCode]: Compiling and executing scripts
[19:04:23.928][INFO][CraftTweaker-ZenCode]: Successfully initialized modules [mods, crafttweaker, expansions]
[19:04:23.952][INFO][CraftTweaker-ZenCode]: Execution for loader 'crafttweaker' completed successfully
[19:04:23.953][INFO][CraftTweaker]: crafttweaker.reload.complete
